2026-07-02 11:26:33 | INFO | data_validation.py | Line:149 | ============================================================
2026-07-02 11:26:33 | INFO | data_validation.py | Line:150 | Validation Pipeline Started
2026-07-02 11:26:33 | INFO | data_validation.py | Line:12 | Loading dataset from: C:\Users\AS\Downloads\archive(5)\credit_risk_dataset.csv
2026-07-02 11:26:33 | INFO | data_validation.py | Line:16 | Dataset loaded successfully. Shape: (5000, 22)
2026-07-02 11:26:33 | INFO | data_validation.py | Line:33 | Dropping columns: ['customer_id', 'credit_risk']
2026-07-02 11:26:33 | INFO | data_validation.py | Line:39 | Columns dropped successfully.
2026-07-02 11:26:33 | INFO | data_validation.py | Line:72 | Starting Outlier Treatment...
2026-07-02 11:26:33 | INFO | data_validation.py | Line:55 | Found 18 numerical columns.
2026-07-02 11:26:33 | INFO | data_validation.py | Line:98 | age: 0 outliers capped.
2026-07-02 11:26:33 | INFO | data_validation.py | Line:98 | annual_income: 17 outliers capped.
2026-07-02 11:26:33 | INFO | data_validation.py | Line:98 | account_age_months: 0 outliers capped.
2026-07-02 11:26:33 | INFO | data_validation.py | Line:98 | avg_monthly_balance: 18 outliers capped.
2026-07-02 11:26:33 | INFO | data_validation.py | Line:98 | num_deposits_per_month: 0 outliers capped.
2026-07-02 11:26:33 | INFO | data_validation.py | Line:98 | avg_deposit_amount: 13 outliers capped.
2026-07-02 11:26:33 | INFO | data_validation.py | Line:98 | debit_card_usage_frequency: 0 outliers capped.
2026-07-02 11:26:33 | INFO | data_validation.py | Line:98 | debit_card_spending: 21 outliers capped.
2026-07-02 11:26:33 | INFO | data_validation.py | Line:98 | mobile_banking_logins: 0 outliers capped.
2026-07-02 11:26:33 | INFO | data_validation.py | Line:98 | online_transfer_frequency: 0 outliers capped.
2026-07-02 11:26:33 | INFO | data_validation.py | Line:98 | atm_withdrawal_frequency: 0 outliers capped.
2026-07-02 11:26:33 | INFO | data_validation.py | Line:98 | credit_score: 0 outliers capped.
2026-07-02 11:26:33 | INFO | data_validation.py | Line:98 | num_open_loans: 0 outliers capped.
2026-07-02 11:26:33 | INFO | data_validation.py | Line:98 | total_outstanding_debt: 17 outliers capped.
2026-07-02 11:26:33 | INFO | data_validation.py | Line:98 | late_payment_count: 0 outliers capped.
2026-07-02 11:26:33 | INFO | data_validation.py | Line:80 | Skipping binary column: loan_default_history
2026-07-02 11:26:33 | INFO | data_validation.py | Line:80 | Skipping binary column: fraud_flag
2026-07-02 11:26:33 | INFO | data_validation.py | Line:98 | loan_application_amount: 19 outliers capped.
2026-07-02 11:26:33 | INFO | data_validation.py | Line:102 | Outlier treatment completed successfully.
2026-07-02 11:26:33 | INFO | data_validation.py | Line:119 | Calculating Skewness...
2026-07-02 11:26:33 | INFO | data_validation.py | Line:55 | Found 18 numerical columns.
2026-07-02 11:26:33 | INFO | data_validation.py | Line:133 | Skewness calculated successfully.
2026-07-02 11:26:33 | INFO | data_validation.py | Line:160 | Validation Pipeline Finished Successfully
2026-07-02 11:26:33 | INFO | data_validation.py | Line:161 | ============================================================
2026-07-02 11:44:18 | INFO | data_validation.py | Line:12 | Loading dataset from: C:\Users\AS\Downloads\archive(5)\credit_risk_dataset.csv
2026-07-02 11:44:18 | INFO | data_validation.py | Line:16 | Dataset loaded successfully. Shape: (5000, 22)
2026-07-02 11:46:42 | INFO | data_validation.py | Line:12 | Loading dataset from: C:\Users\AS\Downloads\archive(5)\credit_risk_dataset.csv
2026-07-02 11:46:43 | INFO | data_validation.py | Line:16 | Dataset loaded successfully. Shape: (5000, 22)
2026-07-02 11:46:43 | INFO | data_transformation.py | Line:90 | Starting Fit Transform...
2026-07-02 11:46:43 | INFO | data_transformation.py | Line:32 | Building preprocessing pipeline...
2026-07-02 11:46:43 | INFO | data_transformation.py | Line:37 | Categorical Columns : ['gender', 'employment_status']
2026-07-02 11:46:43 | INFO | data_transformation.py | Line:38 | Numerical Columns   : ['age', 'annual_income', 'account_age_months', 'avg_monthly_balance', 'num_deposits_per_month', 'avg_deposit_amount', 'debit_card_usage_frequency', 'debit_card_spending', 'mobile_banking_logins', 'online_transfer_frequency', 'atm_withdrawal_frequency', 'credit_score', 'num_open_loans', 'total_outstanding_debt', 'late_payment_count', 'loan_default_history', 'fraud_flag', 'loan_application_amount']
2026-07-02 11:46:43 | INFO | data_transformation.py | Line:77 | Preprocessor created successfully.
2026-07-02 11:46:43 | INFO | data_transformation.py | Line:109 | Preprocessor saved to artifacts/preprocessor.pkl
2026-07-02 11:46:43 | INFO | data_transformation.py | Line:113 | Output Shape : (4000, 24)
2026-07-02 11:46:43 | INFO | data_transformation.py | Line:128 | Loading preprocessor...
2026-07-02 11:46:43 | INFO | data_transformation.py | Line:142 | Transformation completed. Shape : (1000, 24)
2026-07-02 11:49:38 | INFO | data_validation.py | Line:12 | Loading dataset from: C:\Users\AS\Downloads\archive(5)\credit_risk_dataset.csv
2026-07-02 11:49:38 | INFO | data_validation.py | Line:16 | Dataset loaded successfully. Shape: (5000, 22)
2026-07-02 11:49:38 | INFO | data_transformation.py | Line:90 | Starting Fit Transform...
2026-07-02 11:49:38 | INFO | data_transformation.py | Line:32 | Building preprocessing pipeline...
2026-07-02 11:49:38 | INFO | data_transformation.py | Line:37 | Categorical Columns : ['gender', 'employment_status']
2026-07-02 11:49:38 | INFO | data_transformation.py | Line:38 | Numerical Columns   : ['age', 'annual_income', 'account_age_months', 'avg_monthly_balance', 'num_deposits_per_month', 'avg_deposit_amount', 'debit_card_usage_frequency', 'debit_card_spending', 'mobile_banking_logins', 'online_transfer_frequency', 'atm_withdrawal_frequency', 'credit_score', 'num_open_loans', 'total_outstanding_debt', 'late_payment_count', 'loan_default_history', 'fraud_flag', 'loan_application_amount']
2026-07-02 11:49:38 | INFO | data_transformation.py | Line:77 | Preprocessor created successfully.
2026-07-02 11:49:38 | INFO | data_transformation.py | Line:109 | Preprocessor saved to artifacts/preprocessor.pkl
2026-07-02 11:49:38 | INFO | data_transformation.py | Line:113 | Output Shape : (4000, 24)
2026-07-02 11:49:38 | INFO | data_transformation.py | Line:128 | Loading preprocessor...
2026-07-02 11:49:38 | INFO | data_transformation.py | Line:142 | Transformation completed. Shape : (1000, 24)
2026-07-02 11:53:06 | INFO | data_validation.py | Line:12 | Loading dataset from: C:\Users\AS\Downloads\archive(5)\credit_risk_dataset.csv
2026-07-02 11:53:07 | INFO | data_validation.py | Line:16 | Dataset loaded successfully. Shape: (5000, 22)
2026-07-02 11:53:07 | INFO | data_transformation.py | Line:90 | Starting Fit Transform...
2026-07-02 11:53:07 | INFO | data_transformation.py | Line:32 | Building preprocessing pipeline...
2026-07-02 11:53:07 | INFO | data_transformation.py | Line:37 | Categorical Columns : ['gender', 'employment_status']
2026-07-02 11:53:07 | INFO | data_transformation.py | Line:38 | Numerical Columns   : ['age', 'annual_income', 'account_age_months', 'avg_monthly_balance', 'num_deposits_per_month', 'avg_deposit_amount', 'debit_card_usage_frequency', 'debit_card_spending', 'mobile_banking_logins', 'online_transfer_frequency', 'atm_withdrawal_frequency', 'credit_score', 'num_open_loans', 'total_outstanding_debt', 'late_payment_count', 'loan_default_history', 'fraud_flag', 'loan_application_amount']
2026-07-02 11:53:07 | INFO | data_transformation.py | Line:77 | Preprocessor created successfully.
2026-07-02 11:53:07 | INFO | data_transformation.py | Line:109 | Preprocessor saved to artifacts/preprocessor.pkl
2026-07-02 11:53:07 | INFO | data_transformation.py | Line:113 | Output Shape : (4000, 24)
2026-07-02 11:53:07 | INFO | data_transformation.py | Line:128 | Loading preprocessor...
2026-07-02 11:53:07 | INFO | data_transformation.py | Line:142 | Transformation completed. Shape : (1000, 24)
2026-07-02 11:53:40 | INFO | model_trainer.py | Line:25 | Loading dataset...
2026-07-02 11:53:40 | INFO | data_validation.py | Line:12 | Loading dataset from: C:\Users\AS\Downloads\archive(5)\credit_risk_dataset.csv
2026-07-02 11:53:40 | INFO | data_validation.py | Line:16 | Dataset loaded successfully. Shape: (5000, 22)
2026-07-02 11:53:40 | INFO | model_trainer.py | Line:32 | Splitting dataset...
2026-07-02 11:53:40 | INFO | model_trainer.py | Line:44 | Transforming train data...
2026-07-02 11:53:40 | INFO | data_transformation.py | Line:90 | Starting Fit Transform...
2026-07-02 11:53:40 | INFO | data_transformation.py | Line:32 | Building preprocessing pipeline...
2026-07-02 11:53:40 | INFO | data_transformation.py | Line:37 | Categorical Columns : ['gender', 'employment_status']
2026-07-02 11:53:40 | INFO | data_transformation.py | Line:38 | Numerical Columns   : ['age', 'annual_income', 'account_age_months', 'avg_monthly_balance', 'num_deposits_per_month', 'avg_deposit_amount', 'debit_card_usage_frequency', 'debit_card_spending', 'mobile_banking_logins', 'online_transfer_frequency', 'atm_withdrawal_frequency', 'credit_score', 'num_open_loans', 'total_outstanding_debt', 'late_payment_count', 'loan_default_history', 'fraud_flag', 'loan_application_amount']
2026-07-02 11:53:40 | INFO | data_transformation.py | Line:77 | Preprocessor created successfully.
2026-07-02 11:53:40 | INFO | data_transformation.py | Line:109 | Preprocessor saved to artifacts/preprocessor.pkl
2026-07-02 11:53:40 | INFO | data_transformation.py | Line:113 | Output Shape : (4000, 24)
2026-07-02 11:53:40 | INFO | model_trainer.py | Line:48 | Transforming test data...
2026-07-02 11:53:40 | INFO | data_transformation.py | Line:128 | Loading preprocessor...
2026-07-02 11:53:40 | INFO | data_transformation.py | Line:142 | Transformation completed. Shape : (1000, 24)
2026-07-02 11:53:40 | INFO | model_trainer.py | Line:52 | Training Random Forest...
2026-07-02 11:53:41 | INFO | model_trainer.py | Line:64 | Model saved successfully.
2026-07-02 11:53:41 | INFO | model_evaluation.py | Line:20 | Evaluating model...
2026-07-02 11:53:41 | INFO | model_evaluation.py | Line:69 | Evaluation Finished.
2026-07-02 12:42:01 | INFO | model_trainer.py | Line:25 | Loading dataset...
2026-07-02 12:42:01 | INFO | data_validation.py | Line:12 | Loading dataset from: C:\Users\AS\Downloads\archive(5)\credit_risk_dataset.csv
2026-07-02 12:42:01 | INFO | data_validation.py | Line:16 | Dataset loaded successfully. Shape: (5000, 22)
2026-07-02 12:42:01 | INFO | model_trainer.py | Line:32 | Splitting dataset...
2026-07-02 12:42:01 | INFO | model_trainer.py | Line:44 | Transforming train data...
2026-07-02 12:42:01 | INFO | data_transformation.py | Line:90 | Starting Fit Transform...
2026-07-02 12:42:01 | INFO | data_transformation.py | Line:32 | Building preprocessing pipeline...
2026-07-02 12:42:01 | INFO | data_transformation.py | Line:37 | Categorical Columns : ['gender', 'employment_status']
2026-07-02 12:42:01 | INFO | data_transformation.py | Line:38 | Numerical Columns   : ['age', 'annual_income', 'account_age_months', 'avg_monthly_balance', 'num_deposits_per_month', 'avg_deposit_amount', 'debit_card_usage_frequency', 'debit_card_spending', 'mobile_banking_logins', 'online_transfer_frequency', 'atm_withdrawal_frequency', 'credit_score', 'num_open_loans', 'total_outstanding_debt', 'late_payment_count', 'loan_default_history', 'fraud_flag', 'loan_application_amount']
2026-07-02 12:42:01 | INFO | data_transformation.py | Line:77 | Preprocessor created successfully.
2026-07-02 12:42:01 | INFO | data_transformation.py | Line:109 | Preprocessor saved to artifacts/preprocessor.pkl
2026-07-02 12:42:01 | INFO | data_transformation.py | Line:113 | Output Shape : (4000, 24)
2026-07-02 12:42:01 | INFO | model_trainer.py | Line:48 | Transforming test data...
2026-07-02 12:42:01 | INFO | data_transformation.py | Line:128 | Loading preprocessor...
2026-07-02 12:42:01 | INFO | data_transformation.py | Line:142 | Transformation completed. Shape : (1000, 24)
2026-07-02 12:42:01 | INFO | model_trainer.py | Line:52 | Training Random Forest...
2026-07-02 12:42:02 | INFO | model_trainer.py | Line:64 | Model saved successfully.
2026-07-02 12:42:02 | INFO | model_evaluation.py | Line:20 | Evaluating model...
2026-07-02 12:42:02 | INFO | model_evaluation.py | Line:69 | Evaluation Finished.
2026-07-02 14:06:22 | INFO | prediction_pipeline.py | Line:34 | Prediction pipeline started
2026-07-02 14:06:22 | INFO | prediction_pipeline.py | Line:50 | Input DataFrame prepared
2026-07-02 14:06:22 | INFO | prediction_pipeline.py | Line:57 | Data transformed successfully
2026-07-02 14:06:22 | INFO | prediction_pipeline.py | Line:73 | Prediction completed
2026-07-02 14:11:31 | INFO | prediction_pipeline.py | Line:37 | Prediction pipeline started
2026-07-02 14:11:31 | INFO | prediction_pipeline.py | Line:56 | Input DataFrame prepared
2026-07-02 14:11:31 | INFO | prediction_pipeline.py | Line:63 | Data transformed successfully
2026-07-02 14:11:31 | INFO | prediction_pipeline.py | Line:78 | Prediction completed
2026-07-02 14:12:26 | INFO | prediction_pipeline.py | Line:37 | Prediction pipeline started
2026-07-02 14:12:26 | INFO | prediction_pipeline.py | Line:56 | Input DataFrame prepared
2026-07-02 14:12:26 | INFO | prediction_pipeline.py | Line:63 | Data transformed successfully
2026-07-02 14:12:26 | INFO | prediction_pipeline.py | Line:78 | Prediction completed
2026-07-02 14:15:36 | INFO | prediction_pipeline.py | Line:34 | Prediction pipeline started
2026-07-02 14:15:36 | INFO | prediction_pipeline.py | Line:53 | Input DataFrame prepared
2026-07-02 14:15:36 | ERROR | prediction_pipeline.py | Line:80 | Prediction failed
Traceback (most recent call last):
  File "D:\full\src\pipeline\prediction_pipeline.py", line 58, in predict
    processed_data = self.preprocessor.transform(df)
  File "D:\full\.venv-1\lib\site-packages\sklearn\utils\_set_output.py", line 316, in wrapped
    data_to_wrap = f(self, X, *args, **kwargs)
  File "D:\full\.venv-1\lib\site-packages\sklearn\compose\_column_transformer.py", line 1096, in transform
    Xs = self._call_func_on_transformers(
  File "D:\full\.venv-1\lib\site-packages\sklearn\compose\_column_transformer.py", line 897, in _call_func_on_transformers
    return Parallel(n_jobs=self.n_jobs)(jobs)
  File "D:\full\.venv-1\lib\site-packages\sklearn\utils\parallel.py", line 82, in __call__
    return super().__call__(iterable_with_config_and_warning_filters)
  File "D:\full\.venv-1\lib\site-packages\joblib\parallel.py", line 1986, in __call__
    return output if self.return_generator else list(output)
  File "D:\full\.venv-1\lib\site-packages\joblib\parallel.py", line 1914, in _get_sequential_output
    res = func(*args, **kwargs)
  File "D:\full\.venv-1\lib\site-packages\sklearn\utils\parallel.py", line 147, in __call__
    return self.function(*args, **kwargs)
  File "D:\full\.venv-1\lib\site-packages\sklearn\pipeline.py", line 1520, in _transform_one
    res = transformer.transform(X, **params.transform)
  File "D:\full\.venv-1\lib\site-packages\sklearn\pipeline.py", line 1093, in transform
    Xt = transform.transform(Xt, **routed_params[name].transform)
  File "D:\full\.venv-1\lib\site-packages\sklearn\utils\_set_output.py", line 316, in wrapped
    data_to_wrap = f(self, X, *args, **kwargs)
  File "D:\full\.venv-1\lib\site-packages\sklearn\preprocessing\_encoders.py", line 1043, in transform
    X_int, X_mask = self._transform(
  File "D:\full\.venv-1\lib\site-packages\sklearn\preprocessing\_encoders.py", line 201, in _transform
    _check_feature_names(self, X, reset=False)
  File "D:\full\.venv-1\lib\site-packages\sklearn\utils\validation.py", line 2787, in _check_feature_names
    raise ValueError(message)
ValueError: The feature names should match those that were passed during fit.
Feature names must be in the same order as they were in fit.

2026-07-02 14:16:53 | INFO | prediction_pipeline.py | Line:29 | Prediction started
2026-07-02 14:19:23 | INFO | prediction_pipeline.py | Line:32 | Prediction started
2026-07-02 14:19:23 | INFO | prediction_pipeline.py | Line:56 | Input prepared successfully
2026-07-02 14:19:23 | INFO | prediction_pipeline.py | Line:79 | Prediction completed successfully
2026-07-02 14:22:36 | INFO | prediction_pipeline.py | Line:32 | Prediction started
2026-07-02 14:22:36 | INFO | prediction_pipeline.py | Line:56 | Input prepared successfully
2026-07-02 14:22:36 | INFO | prediction_pipeline.py | Line:79 | Prediction completed successfully
